<?xml version="1.0" encoding="UTF-8"?>
<testsuite name="co.com.bancolombia.metrics.aws.MicrometerMetricPublisherTest" tests="1" skipped="0" failures="0" errors="0" timestamp="2025-07-04T22:25:26.391Z" hostname="DESKTOP-K3BU9BO" time="0.465">
  <properties/>
  <testcase name="metricTest()" classname="co.com.bancolombia.metrics.aws.MicrometerMetricPublisherTest" time="0.465"/>
  <system-out><![CDATA[17:25:26.687 [Test worker] INFO io.micrometer.core.instrument.push.PushMeterRegistry -- publishing metrics for LoggingMeterRegistry every 1m
]]></system-out>
  <system-err><![CDATA[]]></system-err>
</testsuite>
