<?xml version="1.0" encoding="UTF-8"?>
<testsuite name="co.com.bancolombia.config.ObjectMapperConfigTest" tests="1" skipped="0" failures="0" errors="0" timestamp="2025-07-03T18:09:23.554Z" hostname="DESKTOP-K3BU9BO" time="0.414">
  <properties/>
  <testcase name="testObjectMapperBean()" classname="co.com.bancolombia.config.ObjectMapperConfigTest" time="0.414"/>
  <system-out><![CDATA[]]></system-out>
  <system-err><![CDATA[]]></system-err>
</testsuite>
