<?xml version="1.0" encoding="UTF-8"?>
<testsuite name="co.com.bancolombia.config.UseCasesConfigTest" tests="1" skipped="0" failures="0" errors="0" timestamp="2025-07-04T16:06:44.751Z" hostname="DESKTOP-K3BU9BO" time="0.047">
  <properties/>
  <testcase name="testUseCaseBeansExist()" classname="co.com.bancolombia.config.UseCasesConfigTest" time="0.047"/>
  <system-out><![CDATA[]]></system-out>
  <system-err><![CDATA[]]></system-err>
</testsuite>
