<?xml version="1.0" encoding="UTF-8"?>
<testsuite name="co.com.bancolombia.dynamodb.helper.TemplateAdapterOperationsTest" tests="4" skipped="0" failures="0" errors="0" timestamp="2025-07-03T17:59:05.027Z" hostname="DESKTOP-K3BU9BO" time="1.706">
  <properties/>
  <testcase name="modelEntityPropertiesMustNotBeNull()" classname="co.com.bancolombia.dynamodb.helper.TemplateAdapterOperationsTest" time="1.577"/>
  <testcase name="testSave()" classname="co.com.bancolombia.dynamodb.helper.TemplateAdapterOperationsTest" time="0.09"/>
  <testcase name="testGetById()" classname="co.com.bancolombia.dynamodb.helper.TemplateAdapterOperationsTest" time="0.031"/>
  <testcase name="testDelete()" classname="co.com.bancolombia.dynamodb.helper.TemplateAdapterOperationsTest" time="0.005"/>
  <system-out><![CDATA[]]></system-out>
  <system-err><![CDATA[]]></system-err>
</testsuite>
