<?xml version="1.0" encoding="UTF-8"?>
<testsuite name="co.com.bancolombia.dynamodb.helper.TemplateAdapterOperationsTest" tests="4" skipped="0" failures="0" errors="0" timestamp="2025-07-04T23:14:04.268Z" hostname="DESKTOP-K3BU9BO" time="0.365">
  <properties/>
  <testcase name="modelEntityPropertiesMustNotBeNull()" classname="co.com.bancolombia.dynamodb.helper.TemplateAdapterOperationsTest" time="0.32"/>
  <testcase name="testSave()" classname="co.com.bancolombia.dynamodb.helper.TemplateAdapterOperationsTest" time="0.011"/>
  <testcase name="testGetById()" classname="co.com.bancolombia.dynamodb.helper.TemplateAdapterOperationsTest" time="0.029"/>
  <testcase name="testDelete()" classname="co.com.bancolombia.dynamodb.helper.TemplateAdapterOperationsTest" time="0.004"/>
  <system-out><![CDATA[]]></system-out>
  <system-err><![CDATA[]]></system-err>
</testsuite>
