<?xml version="1.0" encoding="UTF-8"?>
<testsuite name="co.com.bancolombia.dynamodb.config.DynamoDBConfigTest" tests="1" skipped="0" failures="0" errors="0" timestamp="2025-07-04T23:14:02.728Z" hostname="DESKTOP-K3BU9BO" time="1.53">
  <properties/>
  <testcase name="testGetDynamoDbEnhancedAsyncClient()" classname="co.com.bancolombia.dynamodb.config.DynamoDBConfigTest" time="1.53"/>
  <system-out><![CDATA[]]></system-out>
  <system-err><![CDATA[]]></system-err>
</testsuite>
